2026-05-17 13:59:41.152  INFO 33578 --- [main] com.membership.MembershipApplication     : Starting MembershipApplication using Java 1.8.0_161 on VincentdeMacBook-Pro.local with PID 33578 (/Users/vincentmiao/Documents/trae_projects/members/membership-system/backend/target/classes started by vincentmiao in /Users/vincentmiao/Documents/trae_projects/members/membership-system/backend)
2026-05-17 13:59:41.196  INFO 33578 --- [main] com.membership.MembershipApplication     : No active profile set, falling back to 1 default profile: "default"
2026-05-17 13:59:41.976  INFO 33578 --- [main] .s.d.r.c.RepositoryConfigurationDelegate : Bootstrapping Spring Data JPA repositories in DEFAULT mode.
2026-05-17 13:59:42.061  INFO 33578 --- [main] .s.d.r.c.RepositoryConfigurationDelegate : Finished Spring Data repository scanning in 78 ms. Found 15 JPA repository interfaces.
2026-05-17 13:59:42.675  INFO 33578 --- [main] o.s.b.w.embedded.tomcat.TomcatWebServer  : Tomcat initialized with port(s): 8080 (http)
2026-05-17 13:59:42.680  INFO 33578 --- [main] o.apache.catalina.core.StandardService   : Starting service [Tomcat]
2026-05-17 13:59:42.681  INFO 33578 --- [main] org.apache.catalina.core.StandardEngine  : Starting Servlet engine: [Apache Tomcat/9.0.83]
2026-05-17 13:59:42.830  INFO 33578 --- [main] o.a.c.c.C.[Tomcat].[localhost].[/api]    : Initializing Spring embedded WebApplicationContext
2026-05-17 13:59:42.832  INFO 33578 --- [main] w.s.c.ServletWebServerApplicationContext : Root WebApplicationContext: initialization completed in 1580 ms
2026-05-17 13:59:43.050  INFO 33578 --- [main] o.hibernate.jpa.internal.util.LogHelper  : HHH000204: Processing PersistenceUnitInfo [name: default]
2026-05-17 13:59:43.187  INFO 33578 --- [main] org.hibernate.Version                    : HHH000412: Hibernate ORM core version 5.6.15.Final
2026-05-17 13:59:43.498  INFO 33578 --- [main] o.hibernate.annotations.common.Version   : HCANN000001: Hibernate Commons Annotations {5.1.2.Final}
2026-05-17 13:59:43.599  INFO 33578 --- [main] com.zaxxer.hikari.HikariDataSource       : HikariPool-1 - Starting...
2026-05-17 13:59:43.920  INFO 33578 --- [main] com.zaxxer.hikari.HikariDataSource       : HikariPool-1 - Start completed.
2026-05-17 13:59:43.930  INFO 33578 --- [main] org.hibernate.dialect.Dialect            : HHH000400: Using dialect: org.hibernate.dialect.MySQL8Dialect
2026-05-17 13:59:44.987  INFO 33578 --- [main] o.h.e.t.j.p.i.JtaPlatformInitiator       : HHH000490: Using JtaPlatform implementation: [org.hibernate.engine.transaction.jta.platform.internal.NoJtaPlatform]
2026-05-17 13:59:44.994  INFO 33578 --- [main] j.LocalContainerEntityManagerFactoryBean : Initialized JPA EntityManagerFactory for persistence unit 'default'
2026-05-17 13:59:46.178  INFO 33578 --- [main] o.s.s.web.DefaultSecurityFilterChain     : Will secure any request with [org.springframework.security.web.session.DisableEncodeUrlFilter@7507d96c, org.springframework.security.web.context.request.async.WebAsyncManagerIntegrationFilter@7210f559, org.springframework.security.web.context.SecurityContextPersistenceFilter@adc3344, org.springframework.security.web.header.HeaderWriterFilter@29bd2796, org.springframework.web.filter.CorsFilter@49b9ba6a, org.springframework.security.web.authentication.logout.LogoutFilter@2299f6d7, com.membership.security.AuthTokenFilter@6abe62bb, org.springframework.security.web.savedrequest.RequestCacheAwareFilter@4e647f39, org.springframework.security.web.servletapi.SecurityContextHolderAwareRequestFilter@1c2cdc67, org.springframework.security.web.authentication.AnonymousAuthenticationFilter@7be62956, org.springframework.security.web.session.SessionManagementFilter@6e0d058a, org.springframework.security.web.access.ExceptionTranslationFilter@5dce5c03, org.springframework.security.web.access.intercept.FilterSecurityInterceptor@6b86826a]
2026-05-17 13:59:46.235  WARN 33578 --- [main] JpaBaseConfiguration$JpaWebConfiguration : spring.jpa.open-in-view is enabled by default. Therefore, database queries may be performed during view rendering. Explicitly configure spring.jpa.open-in-view to disable this warning
2026-05-17 13:59:46.854  INFO 33578 --- [main] o.s.b.w.embedded.tomcat.TomcatWebServer  : Tomcat started on port(s): 8080 (http) with context path '/api'
2026-05-17 13:59:46.866  INFO 33578 --- [main] com.membership.MembershipApplication     : Started MembershipApplication in 6.166 seconds (JVM running for 6.537)
2026-05-17 14:02:06.358  INFO 33578 --- [http-nio-8080-exec-2] o.a.c.c.C.[Tomcat].[localhost].[/api]    : Initializing Spring DispatcherServlet 'dispatcherServlet'
2026-05-17 14:02:06.360  INFO 33578 --- [http-nio-8080-exec-2] o.s.web.servlet.DispatcherServlet        : Initializing Servlet 'dispatcherServlet'
2026-05-17 14:02:06.373  INFO 33578 --- [http-nio-8080-exec-2] o.s.web.servlet.DispatcherServlet        : Completed initialization in 13 ms
2026-05-17 14:02:06.518 ERROR 33578 --- [http-nio-8080-exec-2] com.membership.security.JwtUtils         : JWT token is expired: JWT expired 2141020513 milliseconds ago at 2026-04-22T11:18:26.000Z. Current time: 2026-05-17T06:02:06.513Z. Allowed clock skew: 0 milliseconds.
2026-05-17 14:02:06.518 ERROR 33578 --- [http-nio-8080-exec-1] com.membership.security.JwtUtils         : JWT token is expired: JWT expired 2141020513 milliseconds ago at 2026-04-22T11:18:26.000Z. Current time: 2026-05-17T06:02:06.513Z. Allowed clock skew: 0 milliseconds.
2026-05-17 14:02:06.553 ERROR 33578 --- [http-nio-8080-exec-2] c.membership.security.AuthEntryPointJwt  : Unauthorized error: Full authentication is required to access this resource
2026-05-17 14:02:06.553 ERROR 33578 --- [http-nio-8080-exec-1] c.membership.security.AuthEntryPointJwt  : Unauthorized error: Full authentication is required to access this resource
2026-05-17 14:04:13.912  WARN 33578 --- [HikariPool-1 housekeeper] com.zaxxer.hikari.pool.HikariPool        : HikariPool-1 - Retrograde clock change detected (housekeeper delta=29s858ms), soft-evicting connections from pool.
2026-05-17 14:14:42.213  INFO 33578 --- [SpringApplicationShutdownHook] j.LocalContainerEntityManagerFactoryBean : Closing JPA EntityManagerFactory for persistence unit 'default'
2026-05-17 14:14:42.230  INFO 33578 --- [SpringApplicationShutdownHook] com.zaxxer.hikari.HikariDataSource       : HikariPool-1 - Shutdown initiated...
2026-05-17 14:14:42.250  INFO 33578 --- [SpringApplicationShutdownHook] com.zaxxer.hikari.HikariDataSource       : HikariPool-1 - Shutdown completed.
2026-05-17 14:15:18.914  INFO 37434 --- [main] com.membership.MembershipApplication     : Starting MembershipApplication using Java 1.8.0_161 on VincentdeMacBook-Pro.local with PID 37434 (/Users/vincentmiao/Documents/trae_projects/members/membership-system/backend/target/classes started by vincentmiao in /Users/vincentmiao/Documents/trae_projects/members/membership-system/backend)
2026-05-17 14:15:18.928  INFO 37434 --- [main] com.membership.MembershipApplication     : No active profile set, falling back to 1 default profile: "default"
2026-05-17 14:15:19.923  INFO 37434 --- [main] .s.d.r.c.RepositoryConfigurationDelegate : Bootstrapping Spring Data JPA repositories in DEFAULT mode.
2026-05-17 14:15:20.045  INFO 37434 --- [main] .s.d.r.c.RepositoryConfigurationDelegate : Finished Spring Data repository scanning in 114 ms. Found 15 JPA repository interfaces.
2026-05-17 14:15:20.895  INFO 37434 --- [main] o.s.b.w.embedded.tomcat.TomcatWebServer  : Tomcat initialized with port(s): 8080 (http)
2026-05-17 14:15:20.903  INFO 37434 --- [main] o.apache.catalina.core.StandardService   : Starting service [Tomcat]
2026-05-17 14:15:20.904  INFO 37434 --- [main] org.apache.catalina.core.StandardEngine  : Starting Servlet engine: [Apache Tomcat/9.0.83]
2026-05-17 14:15:21.058  INFO 37434 --- [main] o.a.c.c.C.[Tomcat].[localhost].[/api]    : Initializing Spring embedded WebApplicationContext
2026-05-17 14:15:21.059  INFO 37434 --- [main] w.s.c.ServletWebServerApplicationContext : Root WebApplicationContext: initialization completed in 2069 ms
2026-05-17 14:15:21.346  INFO 37434 --- [main] o.hibernate.jpa.internal.util.LogHelper  : HHH000204: Processing PersistenceUnitInfo [name: default]
2026-05-17 14:15:21.384  INFO 37434 --- [main] org.hibernate.Version                    : HHH000412: Hibernate ORM core version 5.6.15.Final
2026-05-17 14:15:21.584  INFO 37434 --- [main] o.hibernate.annotations.common.Version   : HCANN000001: Hibernate Commons Annotations {5.1.2.Final}
2026-05-17 14:15:21.663  INFO 37434 --- [main] com.zaxxer.hikari.HikariDataSource       : HikariPool-1 - Starting...
2026-05-17 14:15:21.798  INFO 37434 --- [main] com.zaxxer.hikari.HikariDataSource       : HikariPool-1 - Start completed.
2026-05-17 14:15:21.810  INFO 37434 --- [main] org.hibernate.dialect.Dialect            : HHH000400: Using dialect: org.hibernate.dialect.MySQL8Dialect
2026-05-17 14:15:23.060  INFO 37434 --- [main] o.h.e.t.j.p.i.JtaPlatformInitiator       : HHH000490: Using JtaPlatform implementation: [org.hibernate.engine.transaction.jta.platform.internal.NoJtaPlatform]
2026-05-17 14:15:23.070  INFO 37434 --- [main] j.LocalContainerEntityManagerFactoryBean : Initialized JPA EntityManagerFactory for persistence unit 'default'
2026-05-17 14:15:24.692  INFO 37434 --- [main] o.s.s.web.DefaultSecurityFilterChain     : Will secure any request with [org.springframework.security.web.session.DisableEncodeUrlFilter@d6d683e, org.springframework.security.web.context.request.async.WebAsyncManagerIntegrationFilter@42cfd794, org.springframework.security.web.context.SecurityContextPersistenceFilter@25e95af1, org.springframework.security.web.header.HeaderWriterFilter@18463720, org.springframework.web.filter.CorsFilter@43778371, org.springframework.security.web.authentication.logout.LogoutFilter@1eb9d69a, com.membership.security.AuthTokenFilter@34b2d51a, org.springframework.security.web.savedrequest.RequestCacheAwareFilter@6644bdf5, org.springframework.security.web.servletapi.SecurityContextHolderAwareRequestFilter@7c9ea1d0, org.springframework.security.web.authentication.AnonymousAuthenticationFilter@71beada8, org.springframework.security.web.session.SessionManagementFilter@f44d033, org.springframework.security.web.access.ExceptionTranslationFilter@4f8900b0, org.springframework.security.web.access.intercept.FilterSecurityInterceptor@45b27ad3]
2026-05-17 14:15:24.763  WARN 37434 --- [main] JpaBaseConfiguration$JpaWebConfiguration : spring.jpa.open-in-view is enabled by default. Therefore, database queries may be performed during view rendering. Explicitly configure spring.jpa.open-in-view to disable this warning
2026-05-17 14:15:25.497  INFO 37434 --- [main] o.s.b.w.embedded.tomcat.TomcatWebServer  : Tomcat started on port(s): 8080 (http) with context path '/api'
2026-05-17 14:15:25.543  INFO 37434 --- [main] com.membership.MembershipApplication     : Started MembershipApplication in 7.398 seconds (JVM running for 7.963)
2026-05-17 14:16:02.504  INFO 37434 --- [http-nio-8080-exec-1] o.a.c.c.C.[Tomcat].[localhost].[/api]    : Initializing Spring DispatcherServlet 'dispatcherServlet'
2026-05-17 14:16:02.506  INFO 37434 --- [http-nio-8080-exec-1] o.s.web.servlet.DispatcherServlet        : Initializing Servlet 'dispatcherServlet'
2026-05-17 14:16:02.515  INFO 37434 --- [http-nio-8080-exec-1] o.s.web.servlet.DispatcherServlet        : Completed initialization in 9 ms
